<?xml version="1.0" encoding="UTF-8"?>
<!-- Generated by org.testng.reporters.JUnitReportReporter -->
<testsuite skipped="0" hostname="shah-pc" name="com.qa.hubspot.Testcases.LoginTest" tests="2" failures="0" timestamp="2019-11-30T16:45:05 IST" time="61.613" errors="0">
  <testcase name="getLoginPageTitleTest" time="34.964" classname="com.qa.hubspot.Testcases.LoginTest"/>
  <testcase name="loginTest" time="26.649" classname="com.qa.hubspot.Testcases.LoginTest"/>
</testsuite> <!-- com.qa.hubspot.Testcases.LoginTest -->
