<?xml version="1.0" encoding="UTF-8"?>
<!-- Generated by org.testng.reporters.JUnitReportReporter -->
<testsuite skipped="0" hostname="shah-pc" name="com.qa.hubspot.Testcases.HomePageTest" tests="1" failures="0" timestamp="29 Nov 2019 06:49:40 GMT" time="40.943" errors="0">
  <testcase name="loggedInAccountNameTest" time="40.943" classname="com.qa.hubspot.Testcases.HomePageTest"/>
</testsuite> <!-- com.qa.hubspot.Testcases.HomePageTest -->
